<?xml version="1.0" encoding="UTF-8"?>
<robot generator="Robot 3.2.1 (Python 3.7.2 on win32)" generated="20200905 20:43:32.427" rpa="false">
<suite id="s1" name="AppiumDemos" source="C:\Users\vinaykn\eclipse-workspace\AppiumDemos">
<suite id="s1-s1" name="Second" source="C:\Users\vinaykn\eclipse-workspace\AppiumDemos\second.robot">
<test id="s1-s1-t1" name="Preference">
<kw name="Log" library="BuiltIn">
<doc>Logs the given message with the given level.</doc>
<arguments>
<arg>Preference_logs</arg>
</arguments>
<msg timestamp="20200905 20:43:33.115" level="INFO">Preference_logs</msg>
<status status="PASS" starttime="20200905 20:43:33.115" endtime="20200905 20:43:33.115"></status>
</kw>
<kw name="Set Variable" library="BuiltIn">
<doc>Returns the given values which can then be assigned to a variables.</doc>
<arguments>
<arg>PreferenceTest</arg>
</arguments>
<assign>
<var>${var2}</var>
</assign>
<msg timestamp="20200905 20:43:33.115" level="INFO">${var2} = PreferenceTest</msg>
<status status="PASS" starttime="20200905 20:43:33.115" endtime="20200905 20:43:33.115"></status>
</kw>
<kw name="Log To Console" library="BuiltIn">
<doc>Logs the given message to the console.</doc>
<arguments>
<arg>${var1}</arg>
</arguments>
<status status="PASS" starttime="20200905 20:43:33.115" endtime="20200905 20:43:33.115"></status>
</kw>
<kw name="Log To Console" library="BuiltIn">
<doc>Logs the given message to the console.</doc>
<arguments>
<arg>${var2}</arg>
</arguments>
<status status="PASS" starttime="20200905 20:43:33.115" endtime="20200905 20:43:33.115"></status>
</kw>
<kw name="My_Keyword">
<kw name="Open Application" library="AppiumLibrary">
<doc>Opens a new application to given Appium server.
Capabilities of appium server, Android and iOS,
Please check https://github.com/appium/appium/blob/master/docs/en/writing-running-appium/server-args.md
| *Option*            | *Man.* | *Description*     |
| remote_url          | Yes    | Appium server url |
| alias               | no     | alias             |</doc>
<arguments>
<arg>http://127.0.0.1:4723/wd/hub</arg>
<arg>platformName=Android</arg>
<arg>platformVersion=6.0</arg>
<arg>deviceName=ZY2222VPNN</arg>
<arg>appPackage=io.appium.android.apis</arg>
<arg>appActivity=io.appium.android.apis.ApiDemos</arg>
</arguments>
<status status="PASS" starttime="20200905 20:43:33.115" endtime="20200905 20:43:53.589"></status>
</kw>
<status status="PASS" starttime="20200905 20:43:33.115" endtime="20200905 20:43:53.589"></status>
</kw>
<kw name="Click Element" library="AppiumLibrary">
<doc>Click element identified by `locator`.</doc>
<arguments>
<arg>xpath=//android.widget.TextView[@text="Preference"]</arg>
</arguments>
<msg timestamp="20200905 20:43:53.589" level="INFO">Clicking element 'xpath=//android.widget.TextView[@text="Preference"]'.</msg>
<status status="PASS" starttime="20200905 20:43:53.589" endtime="20200905 20:43:55.036"></status>
</kw>
<kw name="Wait Until Page Contains Element" library="AppiumLibrary">
<doc>Waits until element specified with `locator` appears on current page.</doc>
<arguments>
<arg>xpath=//android.widget.TextView[@text="3. Preference dependencies"]</arg>
</arguments>
<status status="PASS" starttime="20200905 20:43:55.051" endtime="20200905 20:43:55.114"></status>
</kw>
<kw name="Click Element" library="AppiumLibrary">
<doc>Click element identified by `locator`.</doc>
<arguments>
<arg>xpath=//android.widget.TextView[@text="3. Preference dependencies"]</arg>
</arguments>
<msg timestamp="20200905 20:43:55.114" level="INFO">Clicking element 'xpath=//android.widget.TextView[@text="3. Preference dependencies"]'.</msg>
<status status="PASS" starttime="20200905 20:43:55.114" endtime="20200905 20:43:56.317"></status>
</kw>
<kw name="Click Element" library="AppiumLibrary">
<doc>Click element identified by `locator`.</doc>
<arguments>
<arg>id=android:id/checkbox</arg>
</arguments>
<msg timestamp="20200905 20:43:56.317" level="INFO">Clicking element 'id=android:id/checkbox'.</msg>
<status status="PASS" starttime="20200905 20:43:56.317" endtime="20200905 20:43:57.076"></status>
</kw>
<kw name="Click Element" library="AppiumLibrary">
<doc>Click element identified by `locator`.</doc>
<arguments>
<arg>xpath=(//android.widget.RelativeLayout)[2]</arg>
</arguments>
<msg timestamp="20200905 20:43:57.076" level="INFO">Clicking element 'xpath=(//android.widget.RelativeLayout)[2]'.</msg>
<status status="PASS" starttime="20200905 20:43:57.076" endtime="20200905 20:43:58.444"></status>
</kw>
<kw name="Wait Until Page Contains Element" library="AppiumLibrary">
<doc>Waits until element specified with `locator` appears on current page.</doc>
<arguments>
<arg>id=android:id/edit</arg>
</arguments>
<status status="PASS" starttime="20200905 20:43:58.444" endtime="20200905 20:43:58.491"></status>
</kw>
<kw name="Click Element" library="AppiumLibrary">
<doc>Click element identified by `locator`.</doc>
<arguments>
<arg>id=android:id/edit</arg>
</arguments>
<msg timestamp="20200905 20:43:58.491" level="INFO">Clicking element 'id=android:id/edit'.</msg>
<status status="PASS" starttime="20200905 20:43:58.491" endtime="20200905 20:43:58.616"></status>
</kw>
<kw name="Input Text" library="AppiumLibrary">
<doc>Types the given `text` into text field identified by `locator`.</doc>
<arguments>
<arg>id=android:id/edit</arg>
<arg>text=123</arg>
</arguments>
<msg timestamp="20200905 20:43:58.616" level="INFO">Typing text '123' into text field 'id=android:id/edit'</msg>
<status status="PASS" starttime="20200905 20:43:58.616" endtime="20200905 20:43:59.241"></status>
</kw>
<kw name="Click Element" library="AppiumLibrary">
<doc>Click element identified by `locator`.</doc>
<arguments>
<arg>id=android:id/button1</arg>
</arguments>
<msg timestamp="20200905 20:43:59.256" level="INFO">Clicking element 'id=android:id/button1'.</msg>
<status status="PASS" starttime="20200905 20:43:59.241" endtime="20200905 20:43:59.812"></status>
</kw>
<status status="PASS" starttime="20200905 20:43:33.100" endtime="20200905 20:43:59.812" critical="yes"></status>
</test>
<test id="s1-s1-t2" name="Variable test">
<kw name="Create List" library="BuiltIn">
<doc>Returns a list containing given items.</doc>
<arguments>
<arg>Hello</arg>
<arg>22</arg>
<arg>22.5</arg>
<arg>Adroid123</arg>
</arguments>
<assign>
<var>@{List1}</var>
</assign>
<msg timestamp="20200905 20:43:59.816" level="INFO">@{List1} = [ Hello | 22 | 22.5 | Adroid123 ]</msg>
<status status="PASS" starttime="20200905 20:43:59.815" endtime="20200905 20:43:59.816"></status>
</kw>
<kw name="Get Length" library="BuiltIn">
<doc>Returns and logs the length of the given item as an integer.</doc>
<arguments>
<arg>${List1}</arg>
</arguments>
<assign>
<var>${List1_Length}</var>
</assign>
<msg timestamp="20200905 20:43:59.816" level="INFO">Length is 4</msg>
<msg timestamp="20200905 20:43:59.816" level="INFO">${List1_Length} = 4</msg>
<status status="PASS" starttime="20200905 20:43:59.816" endtime="20200905 20:43:59.816"></status>
</kw>
<kw name="Log To Console" library="BuiltIn">
<doc>Logs the given message to the console.</doc>
<arguments>
<arg>${List1_Length}</arg>
</arguments>
<status status="PASS" starttime="20200905 20:43:59.816" endtime="20200905 20:43:59.816"></status>
</kw>
<kw name="Get From List" library="Collections">
<doc>Returns the value specified with an ``index`` from ``list``.</doc>
<arguments>
<arg>${List1}</arg>
<arg>2</arg>
</arguments>
<assign>
<var>${List_data}</var>
</assign>
<msg timestamp="20200905 20:43:59.816" level="INFO">${List_data} = 22.5</msg>
<status status="PASS" starttime="20200905 20:43:59.816" endtime="20200905 20:43:59.816"></status>
</kw>
<kw name="Log To Console" library="BuiltIn">
<doc>Logs the given message to the console.</doc>
<arguments>
<arg>${List_data}</arg>
</arguments>
<status status="PASS" starttime="20200905 20:43:59.816" endtime="20200905 20:43:59.816"></status>
</kw>
<kw name="${i} IN RANGE [ 1 | 10 ]" type="for">
<kw name="${i} = 1" type="foritem">
<kw name="Log To Console" library="BuiltIn">
<doc>Logs the given message to the console.</doc>
<arguments>
<arg>${i}</arg>
</arguments>
<status status="PASS" starttime="20200905 20:43:59.816" endtime="20200905 20:43:59.816"></status>
</kw>
<status status="PASS" starttime="20200905 20:43:59.816" endtime="20200905 20:43:59.816"></status>
</kw>
<kw name="${i} = 2" type="foritem">
<kw name="Log To Console" library="BuiltIn">
<doc>Logs the given message to the console.</doc>
<arguments>
<arg>${i}</arg>
</arguments>
<status status="PASS" starttime="20200905 20:43:59.816" endtime="20200905 20:43:59.816"></status>
</kw>
<status status="PASS" starttime="20200905 20:43:59.816" endtime="20200905 20:43:59.816"></status>
</kw>
<kw name="${i} = 3" type="foritem">
<kw name="Log To Console" library="BuiltIn">
<doc>Logs the given message to the console.</doc>
<arguments>
<arg>${i}</arg>
</arguments>
<status status="PASS" starttime="20200905 20:43:59.816" endtime="20200905 20:43:59.816"></status>
</kw>
<status status="PASS" starttime="20200905 20:43:59.816" endtime="20200905 20:43:59.816"></status>
</kw>
<kw name="${i} = 4" type="foritem">
<kw name="Log To Console" library="BuiltIn">
<doc>Logs the given message to the console.</doc>
<arguments>
<arg>${i}</arg>
</arguments>
<status status="PASS" starttime="20200905 20:43:59.816" endtime="20200905 20:43:59.816"></status>
</kw>
<status status="PASS" starttime="20200905 20:43:59.816" endtime="20200905 20:43:59.816"></status>
</kw>
<kw name="${i} = 5" type="foritem">
<kw name="Log To Console" library="BuiltIn">
<doc>Logs the given message to the console.</doc>
<arguments>
<arg>${i}</arg>
</arguments>
<status status="PASS" starttime="20200905 20:43:59.816" endtime="20200905 20:43:59.816"></status>
</kw>
<status status="PASS" starttime="20200905 20:43:59.816" endtime="20200905 20:43:59.816"></status>
</kw>
<kw name="${i} = 6" type="foritem">
<kw name="Log To Console" library="BuiltIn">
<doc>Logs the given message to the console.</doc>
<arguments>
<arg>${i}</arg>
</arguments>
<status status="PASS" starttime="20200905 20:43:59.816" endtime="20200905 20:43:59.832"></status>
</kw>
<status status="PASS" starttime="20200905 20:43:59.816" endtime="20200905 20:43:59.832"></status>
</kw>
<kw name="${i} = 7" type="foritem">
<kw name="Log To Console" library="BuiltIn">
<doc>Logs the given message to the console.</doc>
<arguments>
<arg>${i}</arg>
</arguments>
<status status="PASS" starttime="20200905 20:43:59.832" endtime="20200905 20:43:59.832"></status>
</kw>
<status status="PASS" starttime="20200905 20:43:59.832" endtime="20200905 20:43:59.832"></status>
</kw>
<kw name="${i} = 8" type="foritem">
<kw name="Log To Console" library="BuiltIn">
<doc>Logs the given message to the console.</doc>
<arguments>
<arg>${i}</arg>
</arguments>
<status status="PASS" starttime="20200905 20:43:59.832" endtime="20200905 20:43:59.832"></status>
</kw>
<status status="PASS" starttime="20200905 20:43:59.832" endtime="20200905 20:43:59.832"></status>
</kw>
<kw name="${i} = 9" type="foritem">
<kw name="Log To Console" library="BuiltIn">
<doc>Logs the given message to the console.</doc>
<arguments>
<arg>${i}</arg>
</arguments>
<status status="PASS" starttime="20200905 20:43:59.832" endtime="20200905 20:43:59.832"></status>
</kw>
<status status="PASS" starttime="20200905 20:43:59.832" endtime="20200905 20:43:59.832"></status>
</kw>
<status status="PASS" starttime="20200905 20:43:59.816" endtime="20200905 20:43:59.832"></status>
</kw>
<kw name="${i} IN [ @{List1} ]" type="for">
<kw name="${i} = Hello" type="foritem">
<kw name="Log To Console" library="BuiltIn">
<doc>Logs the given message to the console.</doc>
<arguments>
<arg>${i}</arg>
</arguments>
<status status="PASS" starttime="20200905 20:43:59.832" endtime="20200905 20:43:59.832"></status>
</kw>
<status status="PASS" starttime="20200905 20:43:59.832" endtime="20200905 20:43:59.832"></status>
</kw>
<kw name="${i} = 22" type="foritem">
<kw name="Log To Console" library="BuiltIn">
<doc>Logs the given message to the console.</doc>
<arguments>
<arg>${i}</arg>
</arguments>
<status status="PASS" starttime="20200905 20:43:59.832" endtime="20200905 20:43:59.832"></status>
</kw>
<status status="PASS" starttime="20200905 20:43:59.832" endtime="20200905 20:43:59.832"></status>
</kw>
<kw name="${i} = 22.5" type="foritem">
<kw name="Log To Console" library="BuiltIn">
<doc>Logs the given message to the console.</doc>
<arguments>
<arg>${i}</arg>
</arguments>
<status status="PASS" starttime="20200905 20:43:59.832" endtime="20200905 20:43:59.832"></status>
</kw>
<status status="PASS" starttime="20200905 20:43:59.832" endtime="20200905 20:43:59.832"></status>
</kw>
<kw name="${i} = Adroid123" type="foritem">
<kw name="Log To Console" library="BuiltIn">
<doc>Logs the given message to the console.</doc>
<arguments>
<arg>${i}</arg>
</arguments>
<status status="PASS" starttime="20200905 20:43:59.832" endtime="20200905 20:43:59.832"></status>
</kw>
<status status="PASS" starttime="20200905 20:43:59.832" endtime="20200905 20:43:59.832"></status>
</kw>
<status status="PASS" starttime="20200905 20:43:59.832" endtime="20200905 20:43:59.832"></status>
</kw>
<kw name="Set Variable" library="BuiltIn">
<doc>Returns the given values which can then be assigned to a variables.</doc>
<arguments>
<arg>Log To Console</arg>
</arguments>
<assign>
<var>${keyword}</var>
</assign>
<msg timestamp="20200905 20:43:59.832" level="INFO">${keyword} = Log To Console</msg>
<status status="PASS" starttime="20200905 20:43:59.832" endtime="20200905 20:43:59.832"></status>
</kw>
<kw name="Run Keyword" library="BuiltIn">
<doc>Executes the given keyword with the given arguments.</doc>
<arguments>
<arg>${keyword}</arg>
<arg>Testing</arg>
</arguments>
<kw name="Log To Console" library="BuiltIn">
<doc>Logs the given message to the console.</doc>
<arguments>
<arg>Testing</arg>
</arguments>
<status status="PASS" starttime="20200905 20:43:59.847" endtime="20200905 20:43:59.847"></status>
</kw>
<status status="PASS" starttime="20200905 20:43:59.832" endtime="20200905 20:43:59.847"></status>
</kw>
<kw name="Set Variable" library="BuiltIn">
<doc>Returns the given values which can then be assigned to a variables.</doc>
<arguments>
<arg>Yes</arg>
</arguments>
<assign>
<var>${var}</var>
</assign>
<msg timestamp="20200905 20:43:59.847" level="INFO">${var} = Yes</msg>
<status status="PASS" starttime="20200905 20:43:59.847" endtime="20200905 20:43:59.847"></status>
</kw>
<kw name="Run Keyword If" library="BuiltIn">
<doc>Runs the given keyword with the given arguments, if ``condition`` is true.</doc>
<arguments>
<arg>'${var}'=='Yes'</arg>
<arg>Log To Console</arg>
<arg>found</arg>
</arguments>
<kw name="Log To Console" library="BuiltIn">
<doc>Logs the given message to the console.</doc>
<arguments>
<arg>found</arg>
</arguments>
<status status="PASS" starttime="20200905 20:43:59.847" endtime="20200905 20:43:59.847"></status>
</kw>
<status status="PASS" starttime="20200905 20:43:59.847" endtime="20200905 20:43:59.847"></status>
</kw>
<status status="PASS" starttime="20200905 20:43:59.814" endtime="20200905 20:43:59.847" critical="yes"></status>
</test>
<status status="PASS" starttime="20200905 20:43:32.562" endtime="20200905 20:43:59.847"></status>
</suite>
<status status="PASS" starttime="20200905 20:43:32.500" endtime="20200905 20:43:59.847"></status>
</suite>
<statistics>
<total>
<stat pass="2" fail="0">Critical Tests</stat>
<stat pass="2" fail="0">All Tests</stat>
</total>
<tag>
</tag>
<suite>
<stat pass="2" fail="0" id="s1" name="AppiumDemos">AppiumDemos</stat>
<stat pass="2" fail="0" id="s1-s1" name="Second">AppiumDemos.Second</stat>
</suite>
</statistics>
<errors>
<msg timestamp="20200905 20:43:32.489" level="ERROR">Taking listener 'C:\Users\vinaykn\AppData\Local\Temp\RobotTempDir5754128360669155469\TestRunnerAgent.py:51839' into use failed: Importing listener 'C:\Users\vinaykn\AppData\Local\Temp\RobotTempDir5754128360669155469\TestRunnerAgent.py' failed: ModuleNotFoundError: No module named 'robot.parsing.populators'
Traceback (most recent call last):
  File "C:\Users\vinaykn\AppData\Local\Temp\RobotTempDir5754128360669155469\TestRunnerAgent.py", line 72, in &lt;module&gt;
    from robot.parsing.populators import READERS
PYTHONPATH:
  C:\Users\vinaykn\Python37\Lib\site-packages
  C:\Users\vinaykn\eclipse-workspace\AppiumDemos
  C:\Users\vinaykn\Python37\python37.zip
  C:\Users\vinaykn\Python37\DLLs
  C:\Users\vinaykn\Python37\lib
  C:\Users\vinaykn\Python37
  C:\Users\vinaykn\AppData\Roaming\Python\Python37\site-packages
  C:\Users\vinaykn\Python37\lib\site-packages
  C:\Users\vinaykn\Python37\lib\site-packages\win32
  C:\Users\vinaykn\Python37\lib\site-packages\win32\lib
  C:\Users\vinaykn\Python37\lib\site-packages\Pythonwin</msg>
</errors>
</robot>
